<?xml version="1.0" encoding="UTF-8"?>
<testng-results skipped="0" failed="0" ignored="0" total="1" passed="1">
  <reporter-output>
    <line>
      <![CDATA[<br></br>URL Invoked = https://app.falkonry.ai/datastream]]>
    </line>
    <line>
      <![CDATA[<br></br>CreatedDataStreamResponseBody= {"id":"w0e3ems8xhycbl","name":"jigTest817","tenant":"Zs6dk03l3w2rp0","createdBy":"tut21t3cga8sml","inputList":[],"dataSource":{"type":"STANDALONE"},"streaming":true,"live":"OFF","field":{"entityIdentifier":"person","entityName":null,"signal":{},"time":{"zone":"Asia/Calcutta","identifier":"time","format":"millis"}},"createTime":1504783373014,"updateTime":1504783373014}]]>
    </line>
    <line>
      <![CDATA[<br></br>6. Traverse created datastream.]]>
    </line>
    <line>
      <![CDATA[<br></br>Data stream created with ID=w0e3ems8xhycbl]]>
    </line>
    <line>
      <![CDATA[<br></br>ResponseBody= {"id":"w0e3ems8xhycbl","name":"jigTest817","tenant":"Zs6dk03l3w2rp0","createdBy":"tut21t3cga8sml","inputList":[],"dataSource":{"type":"STANDALONE"},"streaming":true,"live":"OFF","field":{"entityIdentifier":"person","entityName":null,"signal":{},"time":{"zone":"Asia/Calcutta","identifier":"time","format":"millis"}},"createTime":1504783373014,"updateTime":1504783373014}]]>
    </line>
    <line>
      <![CDATA[<br></br>URL to Add data to DataStream = https://app.falkonry.ai/datastream/w0e3ems8xhycbl]]>
    </line>
    <line>
      <![CDATA[<br></br>ResponseBody= {"status":"PENDING","action":"ADD_DATA_DATASTREAM","datastream":"w0e3ems8xhycbl","user":"tut21t3cga8sml","dataSource":"Yyk3f4ydwj37a4","__$id":"g0w96rnfvdt2vuvt","__$tenant":"Zs6dk03l3w2rp0","__$createTime":1504783538526}]]>
    </line>
    <line>
      <![CDATA[<br></br>ResponseBody= {"id":"w0e3ems8xhycbl","name":"jigTest817","tenant":"Zs6dk03l3w2rp0","createdBy":"tut21t3cga8sml","inputList":[{"key":"m55r7genym","name":"LA_xacc","valueType":{"type":"Numeric"},"eventType":{"type":"Samples"},"inputType":{"type":"Raw","inputConf":null},"annotations":[],"query":null},{"key":"oy3vjnw83m","name":"RA_yacc","valueType":{"type":"Numeric"},"eventType":{"type":"Samples"},"inputType":{"type":"Raw","inputConf":null},"annotations":[],"query":null},{"key":"orz9enz28m","name":"RL_zacc","valueType":{"type":"Numeric"},"eventType":{"type":"Samples"},"inputType":{"type":"Raw","inputConf":null},"annotations":[],"query":null},{"key":"m66ypx7nzm","name":"RA_zacc","valueType":{"type":"Numeric"},"eventType":{"type":"Samples"},"inputType":{"type":"Raw","inputConf":null},"annotations":[],"query":null},{"key":"okvvxnx3jm","name":"LL_zacc","valueType":{"type":"Numeric"},"eventType":{"type":"Samples"},"inputType":{"type":"Raw","inputConf":null},"annotations":[],"query":null},{"key":"mlj9k7wwdo","name":"RA_xacc","valueType":{"type":"Numeric"},"eventType":{"type":"Samples"},"inputType":{"type":"Raw","inputConf":null},"annotations":[],"query":null},{"key":"o3720gjz4q","name":"RL_xacc","valueType":{"type":"Numeric"},"eventType":{"type":"Samples"},"inputType":{"type":"Raw","inputConf":null},"annotations":[],"query":null},{"key":"mz5rp9ye1m","name":"LA_zacc","valueType":{"type":"Numeric"},"eventType":{"type":"Samples"},"inputType":{"type":"Raw","inputConf":null},"annotations":[],"query":null},{"key":"okggpjp72m","name":"T_zacc","valueType":{"type":"Numeric"},"eventType":{"type":"Samples"},"inputType":{"type":"Raw","inputConf":null},"annotations":[],"query":null},{"key":"onggyg7wym","name":"T_yacc","valueType":{"type":"Numeric"},"eventType":{"type":"Samples"},"inputType":{"type":"Raw","inputConf":null},"annotations":[],"query":null},{"key":"mvjj7veg5m","name":"T_xacc","valueType":{"type":"Numeric"},"eventType":{"type":"Samples"},"inputType":{"type":"Raw","inputConf":null},"annotations":[],"query":null},{"key":"q0vvlk22dm","name":"LL_xacc","valueType":{"type":"Numeric"},"eventType":{"type":"Samples"},"inputType":{"type":"Raw","inputConf":null},"annotations":[],"query":null},{"key":"m2przxyj0q","name":"LA_yacc","valueType":{"type":"Numeric"},"eventType":{"type":"Samples"},"inputType":{"type":"Raw","inputConf":null},"annotations":[],"query":null},{"key":"oe4494degm","name":"LL_yacc","valueType":{"type":"Numeric"},"eventType":{"type":"Samples"},"inputType":{"type":"Raw","inputConf":null},"annotations":[],"query":null},{"key":"qj1l6vx78q","name":"RL_yacc","valueType":{"type":"Numeric"},"eventType":{"type":"Samples"},"inputType":{"type":"Raw","inputConf":null},"annotations":[],"query":null}],"dataSource":{"type":"STANDALONE"},"streaming":true,"live":"OFF","field":{"entityIdentifier":"person","entityName":null,"signal":{},"time":{"zone":"Asia/Calcutta","identifier":"time","format":"millis"}},"createTime":1504783373014,"updateTime":1504783541271}]]>
    </line>
  </reporter-output>
  <suite name="Create datastream and then add data to datastream." duration-ms="187587" started-at="2017-09-07T11:22:38Z" finished-at="2017-09-07T11:25:45Z">
    <groups>
    </groups>
    <test name="Create datastream and then add data to datastream." duration-ms="187587" started-at="2017-09-07T11:22:38Z" finished-at="2017-09-07T11:25:45Z">
      <class name="api_automation_rest.api.CreateDataStreamAndAddDataToDataStream">
        <test-method status="PASS" signature="initialization()[pri:0, instance:api_automation_rest.api.CreateDataStreamAndAddDataToDataStream@7880cdf3]" name="initialization" is-config="true" duration-ms="9" started-at="2017-09-07T16:52:38Z" finished-at="2017-09-07T16:52:38Z">
          <reporter-output>
          </reporter-output>
        </test-method> <!-- initialization -->
        <test-method status="PASS" signature="createDataStreamAndAddDatatoDatastream(java.lang.String, java.lang.String, java.lang.String, java.lang.String, java.lang.String, java.lang.String)[pri:0, instance:api_automation_rest.api.CreateDataStreamAndAddDataToDataStream@7880cdf3]" name="createDataStreamAndAddDatatoDatastream" duration-ms="187534" started-at="2017-09-07T16:52:38Z" finished-at="2017-09-07T16:55:45Z">
          <params>
            <param index="0">
              <value>
                <![CDATA[POST]]>
              </value>
            </param>
            <param index="1">
              <value>
                <![CDATA[201]]>
              </value>
            </param>
            <param index="2">
              <value>
                <![CDATA[/datastream]]>
              </value>
            </param>
            <param index="3">
              <value>
                <![CDATA[Bearer jz77vljp12zt7vwnf29iswv07rl1dp40]]>
              </value>
            </param>
            <param index="4">
              <value>
                <![CDATA[{   "name": "$newDataStreamId$"   ,"tenant": "Zs6dk03l3w2rp0",    "createdBy": "tut21t3cga8sml",      "inputList": [],      "dataSource": {        "type": "STANDALONE"      },       "field": {            "entityIdentifier": "person",            "entityName": null,            "signal": {},            "time": {                "zone": "Asia/Calcutta",                "identifier": "time",                "format": "millis"            }        }    }   ]]>
              </value>
            </param>
            <param index="5">
              <value>
                <![CDATA[{"time": 1491979648469, "person": "p1",    "T_xacc": 9.3545, "T_yacc": 1.3157, "T_zacc": 5.4637, "RA_xacc": -2.6817,    "RA_yacc": 6.4624, "RA_zacc": 7.0821, "LA_xacc": 0.12413, "LA_yacc": -3.8967,     "LA_zacc": 9.3141, "RL_xacc": -11.011, "RL_yacc": 8.0965, "RL_zacc": 0.74234,      "LL_xacc": -9.0006, "LL_yacc": -8.99, "LL_zacc": -0.03717}   ]]>
              </value>
            </param>
          </params>
          <reporter-output>
            <line>
              <![CDATA[<br></br>URL Invoked = https://app.falkonry.ai/datastream]]>
            </line>
            <line>
              <![CDATA[<br></br>CreatedDataStreamResponseBody= {"id":"w0e3ems8xhycbl","name":"jigTest817","tenant":"Zs6dk03l3w2rp0","createdBy":"tut21t3cga8sml","inputList":[],"dataSource":{"type":"STANDALONE"},"streaming":true,"live":"OFF","field":{"entityIdentifier":"person","entityName":null,"signal":{},"time":{"zone":"Asia/Calcutta","identifier":"time","format":"millis"}},"createTime":1504783373014,"updateTime":1504783373014}]]>
            </line>
            <line>
              <![CDATA[<br></br>6. Traverse created datastream.]]>
            </line>
            <line>
              <![CDATA[<br></br>Data stream created with ID=w0e3ems8xhycbl]]>
            </line>
            <line>
              <![CDATA[<br></br>ResponseBody= {"id":"w0e3ems8xhycbl","name":"jigTest817","tenant":"Zs6dk03l3w2rp0","createdBy":"tut21t3cga8sml","inputList":[],"dataSource":{"type":"STANDALONE"},"streaming":true,"live":"OFF","field":{"entityIdentifier":"person","entityName":null,"signal":{},"time":{"zone":"Asia/Calcutta","identifier":"time","format":"millis"}},"createTime":1504783373014,"updateTime":1504783373014}]]>
            </line>
            <line>
              <![CDATA[<br></br>URL to Add data to DataStream = https://app.falkonry.ai/datastream/w0e3ems8xhycbl]]>
            </line>
            <line>
              <![CDATA[<br></br>ResponseBody= {"status":"PENDING","action":"ADD_DATA_DATASTREAM","datastream":"w0e3ems8xhycbl","user":"tut21t3cga8sml","dataSource":"Yyk3f4ydwj37a4","__$id":"g0w96rnfvdt2vuvt","__$tenant":"Zs6dk03l3w2rp0","__$createTime":1504783538526}]]>
            </line>
            <line>
              <![CDATA[<br></br>ResponseBody= {"id":"w0e3ems8xhycbl","name":"jigTest817","tenant":"Zs6dk03l3w2rp0","createdBy":"tut21t3cga8sml","inputList":[{"key":"m55r7genym","name":"LA_xacc","valueType":{"type":"Numeric"},"eventType":{"type":"Samples"},"inputType":{"type":"Raw","inputConf":null},"annotations":[],"query":null},{"key":"oy3vjnw83m","name":"RA_yacc","valueType":{"type":"Numeric"},"eventType":{"type":"Samples"},"inputType":{"type":"Raw","inputConf":null},"annotations":[],"query":null},{"key":"orz9enz28m","name":"RL_zacc","valueType":{"type":"Numeric"},"eventType":{"type":"Samples"},"inputType":{"type":"Raw","inputConf":null},"annotations":[],"query":null},{"key":"m66ypx7nzm","name":"RA_zacc","valueType":{"type":"Numeric"},"eventType":{"type":"Samples"},"inputType":{"type":"Raw","inputConf":null},"annotations":[],"query":null},{"key":"okvvxnx3jm","name":"LL_zacc","valueType":{"type":"Numeric"},"eventType":{"type":"Samples"},"inputType":{"type":"Raw","inputConf":null},"annotations":[],"query":null},{"key":"mlj9k7wwdo","name":"RA_xacc","valueType":{"type":"Numeric"},"eventType":{"type":"Samples"},"inputType":{"type":"Raw","inputConf":null},"annotations":[],"query":null},{"key":"o3720gjz4q","name":"RL_xacc","valueType":{"type":"Numeric"},"eventType":{"type":"Samples"},"inputType":{"type":"Raw","inputConf":null},"annotations":[],"query":null},{"key":"mz5rp9ye1m","name":"LA_zacc","valueType":{"type":"Numeric"},"eventType":{"type":"Samples"},"inputType":{"type":"Raw","inputConf":null},"annotations":[],"query":null},{"key":"okggpjp72m","name":"T_zacc","valueType":{"type":"Numeric"},"eventType":{"type":"Samples"},"inputType":{"type":"Raw","inputConf":null},"annotations":[],"query":null},{"key":"onggyg7wym","name":"T_yacc","valueType":{"type":"Numeric"},"eventType":{"type":"Samples"},"inputType":{"type":"Raw","inputConf":null},"annotations":[],"query":null},{"key":"mvjj7veg5m","name":"T_xacc","valueType":{"type":"Numeric"},"eventType":{"type":"Samples"},"inputType":{"type":"Raw","inputConf":null},"annotations":[],"query":null},{"key":"q0vvlk22dm","name":"LL_xacc","valueType":{"type":"Numeric"},"eventType":{"type":"Samples"},"inputType":{"type":"Raw","inputConf":null},"annotations":[],"query":null},{"key":"m2przxyj0q","name":"LA_yacc","valueType":{"type":"Numeric"},"eventType":{"type":"Samples"},"inputType":{"type":"Raw","inputConf":null},"annotations":[],"query":null},{"key":"oe4494degm","name":"LL_yacc","valueType":{"type":"Numeric"},"eventType":{"type":"Samples"},"inputType":{"type":"Raw","inputConf":null},"annotations":[],"query":null},{"key":"qj1l6vx78q","name":"RL_yacc","valueType":{"type":"Numeric"},"eventType":{"type":"Samples"},"inputType":{"type":"Raw","inputConf":null},"annotations":[],"query":null}],"dataSource":{"type":"STANDALONE"},"streaming":true,"live":"OFF","field":{"entityIdentifier":"person","entityName":null,"signal":{},"time":{"zone":"Asia/Calcutta","identifier":"time","format":"millis"}},"createTime":1504783373014,"updateTime":1504783541271}]]>
            </line>
          </reporter-output>
        </test-method> <!-- createDataStreamAndAddDatatoDatastream -->
        <test-method status="PASS" signature="afterclass()[pri:0, instance:api_automation_rest.api.CreateDataStreamAndAddDataToDataStream@7880cdf3]" name="afterclass" is-config="true" duration-ms="2" started-at="2017-09-07T16:55:45Z" finished-at="2017-09-07T16:55:45Z">
          <reporter-output>
          </reporter-output>
        </test-method> <!-- afterclass -->
      </class> <!-- api_automation_rest.api.CreateDataStreamAndAddDataToDataStream -->
    </test> <!-- Create datastream and then add data to datastream. -->
  </suite> <!-- Create datastream and then add data to datastream. -->
</testng-results>
