<?xml version="1.0" encoding="UTF-8"?>
<!-- Generated by org.testng.reporters.JUnitXMLReporter -->
<testsuite hostname="User-PC" ignored="0" name="Create datastream and then add data to datastream." tests="1" failures="0" timestamp="07 Sep 2017 11:25:45 GMT" time="187.587" errors="0">
  <testcase name="createDataStreamAndAddDatatoDatastream" time="187.534" classname="api_automation_rest.api.CreateDataStreamAndAddDataToDataStream"/>
</testsuite> <!-- Create datastream and then add data to datastream. -->
